<?xml version="1.0" encoding="UTF-8"?>
<coverage generated="1708557046974" clover="3.2.0">
  <project timestamp="1708557046974" name="All files">
    <metrics statements="10" coveredstatements="10" conditionals="22" coveredconditionals="22" methods="1" coveredmethods="1" elements="33" coveredelements="33" complexity="0" loc="10" ncloc="10" packages="1" files="1" classes="1"/>
    <file name="classifyTriangle.js" path="/workspaces/Activity-3-CIS-470/classifyTriangle.js">
      <metrics statements="10" coveredstatements="10" conditionals="22" coveredconditionals="22" methods="1" coveredmethods="1"/>
      <line num="3" count="28" type="cond" truecount="8" falsecount="0"/>
      <line num="4" count="10" type="stmt"/>
      <line num="8" count="18" type="cond" truecount="5" falsecount="0"/>
      <line num="9" count="6" type="stmt"/>
      <line num="13" count="12" type="cond" truecount="4" falsecount="0"/>
      <line num="14" count="3" type="stmt"/>
      <line num="15" count="9" type="cond" truecount="5" falsecount="0"/>
      <line num="16" count="6" type="stmt"/>
      <line num="18" count="3" type="stmt"/>
      <line num="22" count="1" type="stmt"/>
    </file>
  </project>
</coverage>
