TN:
SF:classifyTriangle.js
FN:1,classifyTriangle
FNF:1
FNH:1
FNDA:28,classifyTriangle
DA:3,28
DA:4,10
DA:8,18
DA:9,6
DA:13,12
DA:14,3
DA:15,9
DA:16,6
DA:18,3
DA:22,1
LF:10
LH:10
BRDA:3,0,0,10
BRDA:3,0,1,18
BRDA:3,1,0,28
BRDA:3,1,1,25
BRDA:3,1,2,24
BRDA:3,1,3,22
BRDA:3,1,4,21
BRDA:3,1,5,19
BRDA:8,2,0,6
BRDA:8,2,1,12
BRDA:8,3,0,18
BRDA:8,3,1,16
BRDA:8,3,2,14
BRDA:13,4,0,3
BRDA:13,4,1,9
BRDA:13,5,0,12
BRDA:13,5,1,5
BRDA:15,6,0,6
BRDA:15,6,1,3
BRDA:15,7,0,9
BRDA:15,7,1,7
BRDA:15,7,2,5
BRF:22
BRH:22
end_of_record
